1759977767.629191 client started (194102): version 3.4, socket /tmp/tmux-1000/default, protocol 8
1759977767.629211 on Linux 6.14.0-33-generic #33~24.04.1-Ubuntu SMP PREEMPT_DYNAMIC Fri Sep 19 17:02:30 UTC 2
1759977767.629213 using libevent 2.1.12-stable poll
1759977767.629215 using ncurses 6.4 20240113
1759977767.629233 flags are 0x18010000
1759977767.629240 socket is /tmp/tmux-1000/default
1759977767.629249 trying connect
1759977767.629305 add peer 0x5b58b3febc20: 6 ((nil))
1759977767.629540 sending message 100 to peer 0x5b58b3febc20 (4 bytes)
1759977767.629544 sending message 111 to peer 0x5b58b3febc20 (8 bytes)
1759977767.629546 sending message 101 to peer 0x5b58b3febc20 (14 bytes)
1759977767.629548 sending message 109 to peer 0x5b58b3febc20 (4 bytes)
1759977767.629550 sending message 102 to peer 0x5b58b3febc20 (11 bytes)
1759977767.629551 sending message 108 to peer 0x5b58b3febc20 (27 bytes)
1759977767.629553 sending message 112 to peer 0x5b58b3febc20 (70 bytes)
1759977767.629555 sending message 112 to peer 0x5b58b3febc20 (5 bytes)
1759977767.629557 sending message 112 to peer 0x5b58b3febc20 (5 bytes)
1759977767.629559 sending message 112 to peer 0x5b58b3febc20 (6 bytes)
1759977767.629560 sending message 112 to peer 0x5b58b3febc20 (6 bytes)
1759977767.629562 sending message 112 to peer 0x5b58b3febc20 (11 bytes)
1759977767.629564 sending message 112 to peer 0x5b58b3febc20 (10 bytes)
1759977767.629565 sending message 112 to peer 0x5b58b3febc20 (13 bytes)
1759977767.629567 sending message 112 to peer 0x5b58b3febc20 (14 bytes)
1759977767.629569 sending message 112 to peer 0x5b58b3febc20 (9 bytes)
1759977767.629570 sending message 112 to peer 0x5b58b3febc20 (21 bytes)
1759977767.629572 sending message 112 to peer 0x5b58b3febc20 (19 bytes)
1759977767.629574 sending message 112 to peer 0x5b58b3febc20 (11 bytes)
1759977767.629575 sending message 112 to peer 0x5b58b3febc20 (21 bytes)
1759977767.629577 sending message 112 to peer 0x5b58b3febc20 (13 bytes)
1759977767.629579 sending message 112 to peer 0x5b58b3febc20 (7 bytes)
1759977767.629580 sending message 112 to peer 0x5b58b3febc20 (13 bytes)
1759977767.629582 sending message 112 to peer 0x5b58b3febc20 (7 bytes)
1759977767.629584 sending message 112 to peer 0x5b58b3febc20 (13 bytes)
1759977767.629586 sending message 112 to peer 0x5b58b3febc20 (9 bytes)
1759977767.629587 sending message 112 to peer 0x5b58b3febc20 (21 bytes)
1759977767.629589 sending message 112 to peer 0x5b58b3febc20 (13 bytes)
1759977767.629591 sending message 112 to peer 0x5b58b3febc20 (9 bytes)
1759977767.629592 sending message 112 to peer 0x5b58b3febc20 (16 bytes)
1759977767.629594 sending message 112 to peer 0x5b58b3febc20 (13 bytes)
1759977767.629596 sending message 112 to peer 0x5b58b3febc20 (9 bytes)
1759977767.629597 sending message 112 to peer 0x5b58b3febc20 (9 bytes)
1759977767.629599 sending message 112 to peer 0x5b58b3febc20 (12 bytes)
1759977767.629601 sending message 112 to peer 0x5b58b3febc20 (8 bytes)
1759977767.629602 sending message 112 to peer 0x5b58b3febc20 (12 bytes)
1759977767.629604 sending message 112 to peer 0x5b58b3febc20 (8 bytes)
1759977767.629606 sending message 112 to peer 0x5b58b3febc20 (13 bytes)
1759977767.629608 sending message 112 to peer 0x5b58b3febc20 (7 bytes)
1759977767.629609 sending message 112 to peer 0x5b58b3febc20 (7 bytes)
1759977767.629611 sending message 112 to peer 0x5b58b3febc20 (9 bytes)
1759977767.629613 sending message 112 to peer 0x5b58b3febc20 (12 bytes)
1759977767.629614 sending message 112 to peer 0x5b58b3febc20 (6 bytes)
1759977767.629616 sending message 112 to peer 0x5b58b3febc20 (9 bytes)
1759977767.629618 sending message 112 to peer 0x5b58b3febc20 (15 bytes)
1759977767.629620 sending message 112 to peer 0x5b58b3febc20 (13 bytes)
1759977767.629621 sending message 112 to peer 0x5b58b3febc20 (9 bytes)
1759977767.629623 sending message 112 to peer 0x5b58b3febc20 (12 bytes)
1759977767.629625 sending message 112 to peer 0x5b58b3febc20 (8 bytes)
1759977767.629626 sending message 112 to peer 0x5b58b3febc20 (14 bytes)
1759977767.629628 sending message 112 to peer 0x5b58b3febc20 (11 bytes)
1759977767.629634 sending message 112 to peer 0x5b58b3febc20 (9 bytes)
1759977767.629636 sending message 112 to peer 0x5b58b3febc20 (10 bytes)
1759977767.629638 sending message 112 to peer 0x5b58b3febc20 (10 bytes)
1759977767.629639 sending message 112 to peer 0x5b58b3febc20 (10 bytes)
1759977767.629641 sending message 112 to peer 0x5b58b3febc20 (10 bytes)
1759977767.629643 sending message 112 to peer 0x5b58b3febc20 (11 bytes)
1759977767.629645 sending message 112 to peer 0x5b58b3febc20 (12 bytes)
1759977767.629646 sending message 112 to peer 0x5b58b3febc20 (12 bytes)
1759977767.629648 sending message 112 to peer 0x5b58b3febc20 (12 bytes)
1759977767.629650 sending message 112 to peer 0x5b58b3febc20 (12 bytes)
1759977767.629651 sending message 112 to peer 0x5b58b3febc20 (12 bytes)
1759977767.629653 sending message 112 to peer 0x5b58b3febc20 (11 bytes)
1759977767.629655 sending message 112 to peer 0x5b58b3febc20 (11 bytes)
1759977767.629656 sending message 112 to peer 0x5b58b3febc20 (12 bytes)
1759977767.629658 sending message 112 to peer 0x5b58b3febc20 (12 bytes)
1759977767.629660 sending message 112 to peer 0x5b58b3febc20 (12 bytes)
1759977767.629662 sending message 112 to peer 0x5b58b3febc20 (12 bytes)
1759977767.629663 sending message 112 to peer 0x5b58b3febc20 (12 bytes)
1759977767.629665 sending message 112 to peer 0x5b58b3febc20 (9 bytes)
1759977767.629667 sending message 112 to peer 0x5b58b3febc20 (12 bytes)
1759977767.629668 sending message 112 to peer 0x5b58b3febc20 (13 bytes)
1759977767.629670 sending message 112 to peer 0x5b58b3febc20 (13 bytes)
1759977767.629672 sending message 112 to peer 0x5b58b3febc20 (13 bytes)
1759977767.629673 sending message 112 to peer 0x5b58b3febc20 (13 bytes)
1759977767.629675 sending message 112 to peer 0x5b58b3febc20 (13 bytes)
1759977767.629677 sending message 112 to peer 0x5b58b3febc20 (8 bytes)
1759977767.629678 sending message 112 to peer 0x5b58b3febc20 (11 bytes)
1759977767.629680 sending message 112 to peer 0x5b58b3febc20 (11 bytes)
1759977767.629682 sending message 112 to peer 0x5b58b3febc20 (11 bytes)
1759977767.629684 sending message 112 to peer 0x5b58b3febc20 (12 bytes)
1759977767.629685 sending message 112 to peer 0x5b58b3febc20 (12 bytes)
1759977767.629687 sending message 112 to peer 0x5b58b3febc20 (12 bytes)
1759977767.629689 sending message 112 to peer 0x5b58b3febc20 (12 bytes)
1759977767.629690 sending message 112 to peer 0x5b58b3febc20 (13 bytes)
1759977767.629692 sending message 112 to peer 0x5b58b3febc20 (13 bytes)
1759977767.629694 sending message 112 to peer 0x5b58b3febc20 (13 bytes)
1759977767.629695 sending message 112 to peer 0x5b58b3febc20 (8 bytes)
1759977767.629697 sending message 112 to peer 0x5b58b3febc20 (13 bytes)
1759977767.629699 sending message 112 to peer 0x5b58b3febc20 (13 bytes)
1759977767.629701 sending message 112 to peer 0x5b58b3febc20 (13 bytes)
1759977767.629702 sending message 112 to peer 0x5b58b3febc20 (13 bytes)
1759977767.629704 sending message 112 to peer 0x5b58b3febc20 (13 bytes)
1759977767.629706 sending message 112 to peer 0x5b58b3febc20 (12 bytes)
1759977767.629707 sending message 112 to peer 0x5b58b3febc20 (12 bytes)
1759977767.629709 sending message 112 to peer 0x5b58b3febc20 (12 bytes)
1759977767.629711 sending message 112 to peer 0x5b58b3febc20 (12 bytes)
1759977767.629712 sending message 112 to peer 0x5b58b3febc20 (13 bytes)
1759977767.629714 sending message 112 to peer 0x5b58b3febc20 (8 bytes)
1759977767.629716 sending message 112 to peer 0x5b58b3febc20 (13 bytes)
1759977767.629718 sending message 112 to peer 0x5b58b3febc20 (13 bytes)
1759977767.629719 sending message 112 to peer 0x5b58b3febc20 (13 bytes)
1759977767.629721 sending message 112 to peer 0x5b58b3febc20 (13 bytes)
1759977767.629723 sending message 112 to peer 0x5b58b3febc20 (13 bytes)
1759977767.629724 sending message 112 to peer 0x5b58b3febc20 (13 bytes)
1759977767.629726 sending message 112 to peer 0x5b58b3febc20 (13 bytes)
1759977767.629728 sending message 112 to peer 0x5b58b3febc20 (12 bytes)
1759977767.629729 sending message 112 to peer 0x5b58b3febc20 (12 bytes)
1759977767.629733 sending message 112 to peer 0x5b58b3febc20 (12 bytes)
1759977767.629735 sending message 112 to peer 0x5b58b3febc20 (8 bytes)
1759977767.629737 sending message 112 to peer 0x5b58b3febc20 (12 bytes)
1759977767.629739 sending message 112 to peer 0x5b58b3febc20 (13 bytes)
1759977767.629740 sending message 112 to peer 0x5b58b3febc20 (13 bytes)
1759977767.629742 sending message 112 to peer 0x5b58b3febc20 (13 bytes)
1759977767.629744 sending message 112 to peer 0x5b58b3febc20 (13 bytes)
1759977767.629746 sending message 112 to peer 0x5b58b3febc20 (13 bytes)
1759977767.629747 sending message 112 to peer 0x5b58b3febc20 (13 bytes)
1759977767.629749 sending message 112 to peer 0x5b58b3febc20 (13 bytes)
1759977767.629751 sending message 112 to peer 0x5b58b3febc20 (13 bytes)
1759977767.629752 sending message 112 to peer 0x5b58b3febc20 (12 bytes)
1759977767.629754 sending message 112 to peer 0x5b58b3febc20 (10 bytes)
1759977767.629756 sending message 112 to peer 0x5b58b3febc20 (12 bytes)
1759977767.629757 sending message 112 to peer 0x5b58b3febc20 (12 bytes)
1759977767.629759 sending message 112 to peer 0x5b58b3febc20 (12 bytes)
1759977767.629761 sending message 112 to peer 0x5b58b3febc20 (13 bytes)
1759977767.629762 sending message 112 to peer 0x5b58b3febc20 (13 bytes)
1759977767.629764 sending message 112 to peer 0x5b58b3febc20 (13 bytes)
1759977767.629766 sending message 112 to peer 0x5b58b3febc20 (13 bytes)
1759977767.629768 sending message 112 to peer 0x5b58b3febc20 (13 bytes)
1759977767.629769 sending message 112 to peer 0x5b58b3febc20 (13 bytes)
1759977767.629771 sending message 112 to peer 0x5b58b3febc20 (13 bytes)
1759977767.629773 sending message 112 to peer 0x5b58b3febc20 (10 bytes)
1759977767.629774 sending message 112 to peer 0x5b58b3febc20 (13 bytes)
1759977767.629776 sending message 112 to peer 0x5b58b3febc20 (12 bytes)
1759977767.629778 sending message 112 to peer 0x5b58b3febc20 (12 bytes)
1759977767.629779 sending message 112 to peer 0x5b58b3febc20 (12 bytes)
1759977767.629788 sending message 112 to peer 0x5b58b3febc20 (10 bytes)
1759977767.629790 sending message 112 to peer 0x5b58b3febc20 (10 bytes)
1759977767.629792 sending message 112 to peer 0x5b58b3febc20 (10 bytes)
1759977767.629794 sending message 112 to peer 0x5b58b3febc20 (12 bytes)
1759977767.629795 sending message 112 to peer 0x5b58b3febc20 (13 bytes)
1759977767.629797 sending message 112 to peer 0x5b58b3febc20 (13 bytes)
1759977767.629799 sending message 112 to peer 0x5b58b3febc20 (13 bytes)
1759977767.629800 sending message 112 to peer 0x5b58b3febc20 (13 bytes)
1759977767.629819 sending message 112 to peer 0x5b58b3febc20 (13 bytes)
1759977767.629821 sending message 112 to peer 0x5b58b3febc20 (10 bytes)
1759977767.629822 sending message 112 to peer 0x5b58b3febc20 (11 bytes)
1759977767.629824 sending message 112 to peer 0x5b58b3febc20 (12 bytes)
1759977767.629826 sending message 112 to peer 0x5b58b3febc20 (12 bytes)
1759977767.629828 sending message 112 to peer 0x5b58b3febc20 (12 bytes)
1759977767.629829 sending message 112 to peer 0x5b58b3febc20 (12 bytes)
1759977767.629831 sending message 112 to peer 0x5b58b3febc20 (12 bytes)
1759977767.629833 sending message 112 to peer 0x5b58b3febc20 (11 bytes)
1759977767.629834 sending message 112 to peer 0x5b58b3febc20 (12 bytes)
1759977767.629836 sending message 112 to peer 0x5b58b3febc20 (12 bytes)
1759977767.629838 sending message 112 to peer 0x5b58b3febc20 (13 bytes)
1759977767.629840 sending message 112 to peer 0x5b58b3febc20 (13 bytes)
1759977767.629841 sending message 112 to peer 0x5b58b3febc20 (13 bytes)
1759977767.629843 sending message 112 to peer 0x5b58b3febc20 (13 bytes)
1759977767.629845 sending message 112 to peer 0x5b58b3febc20 (13 bytes)
1759977767.629847 sending message 112 to peer 0x5b58b3febc20 (10 bytes)
1759977767.629864 sending message 112 to peer 0x5b58b3febc20 (9 bytes)
1759977767.629866 sending message 112 to peer 0x5b58b3febc20 (12 bytes)
1759977767.629868 sending message 112 to peer 0x5b58b3febc20 (13 bytes)
1759977767.629869 sending message 112 to peer 0x5b58b3febc20 (13 bytes)
1759977767.629873 sending message 112 to peer 0x5b58b3febc20 (13 bytes)
1759977767.629875 sending message 112 to peer 0x5b58b3febc20 (13 bytes)
1759977767.629876 sending message 112 to peer 0x5b58b3febc20 (13 bytes)
1759977767.629878 sending message 112 to peer 0x5b58b3febc20 (9 bytes)
1759977767.629880 sending message 112 to peer 0x5b58b3febc20 (12 bytes)
1759977767.629881 sending message 112 to peer 0x5b58b3febc20 (13 bytes)
1759977767.629883 sending message 112 to peer 0x5b58b3febc20 (13 bytes)
1759977767.629885 sending message 112 to peer 0x5b58b3febc20 (13 bytes)
1759977767.629886 sending message 112 to peer 0x5b58b3febc20 (13 bytes)
1759977767.629888 sending message 112 to peer 0x5b58b3febc20 (13 bytes)
1759977767.629890 sending message 112 to peer 0x5b58b3febc20 (11 bytes)
1759977767.629892 sending message 112 to peer 0x5b58b3febc20 (12 bytes)
1759977767.629893 sending message 112 to peer 0x5b58b3febc20 (13 bytes)
1759977767.629895 sending message 112 to peer 0x5b58b3febc20 (13 bytes)
1759977767.629897 sending message 112 to peer 0x5b58b3febc20 (13 bytes)
1759977767.629898 sending message 112 to peer 0x5b58b3febc20 (13 bytes)
1759977767.629900 sending message 112 to peer 0x5b58b3febc20 (13 bytes)
1759977767.629902 sending message 112 to peer 0x5b58b3febc20 (11 bytes)
1759977767.629904 sending message 112 to peer 0x5b58b3febc20 (12 bytes)
1759977767.629905 sending message 112 to peer 0x5b58b3febc20 (12 bytes)
1759977767.629907 sending message 112 to peer 0x5b58b3febc20 (12 bytes)
1759977767.629909 sending message 112 to peer 0x5b58b3febc20 (12 bytes)
1759977767.629911 sending message 112 to peer 0x5b58b3febc20 (12 bytes)
1759977767.629912 sending message 112 to peer 0x5b58b3febc20 (21 bytes)
1759977767.629914 sending message 112 to peer 0x5b58b3febc20 (12 bytes)
1759977767.629916 sending message 112 to peer 0x5b58b3febc20 (9 bytes)
1759977767.629918 sending message 112 to peer 0x5b58b3febc20 (6 bytes)
1759977767.629919 sending message 112 to peer 0x5b58b3febc20 (13 bytes)
1759977767.629921 sending message 112 to peer 0x5b58b3febc20 (10 bytes)
1759977767.629923 sending message 112 to peer 0x5b58b3febc20 (15 bytes)
1759977767.629924 sending message 112 to peer 0x5b58b3febc20 (13 bytes)
1759977767.629926 sending message 112 to peer 0x5b58b3febc20 (9 bytes)
1759977767.629928 sending message 112 to peer 0x5b58b3febc20 (70 bytes)
1759977767.629930 sending message 112 to peer 0x5b58b3febc20 (69 bytes)
1759977767.629931 sending message 112 to peer 0x5b58b3febc20 (34 bytes)
1759977767.629933 sending message 112 to peer 0x5b58b3febc20 (34 bytes)
1759977767.629935 sending message 112 to peer 0x5b58b3febc20 (70 bytes)
1759977767.629937 sending message 112 to peer 0x5b58b3febc20 (12 bytes)
1759977767.629939 sending message 112 to peer 0x5b58b3febc20 (10 bytes)
1759977767.629941 sending message 112 to peer 0x5b58b3febc20 (10 bytes)
1759977767.629942 sending message 112 to peer 0x5b58b3febc20 (15 bytes)
1759977767.629944 sending message 112 to peer 0x5b58b3febc20 (13 bytes)
1759977767.629946 sending message 112 to peer 0x5b58b3febc20 (10 bytes)
1759977767.629948 sending message 112 to peer 0x5b58b3febc20 (10 bytes)
1759977767.629949 sending message 112 to peer 0x5b58b3febc20 (17 bytes)
1759977767.629951 sending message 112 to peer 0x5b58b3febc20 (10 bytes)
1759977767.629953 sending message 112 to peer 0x5b58b3febc20 (13 bytes)
1759977767.629955 sending message 112 to peer 0x5b58b3febc20 (32 bytes)
1759977767.629956 sending message 112 to peer 0x5b58b3febc20 (5 bytes)
1759977767.629958 sending message 112 to peer 0x5b58b3febc20 (9 bytes)
1759977767.629960 sending message 112 to peer 0x5b58b3febc20 (15 bytes)
1759977767.629962 sending message 112 to peer 0x5b58b3febc20 (5 bytes)
1759977767.629964 sending message 104 to peer 0x5b58b3febc20 (0 bytes)
1759977767.629967 sending message 110 to peer 0x5b58b3febc20 (0 bytes)
1759977767.629969 sending message 107 to peer 0x5b58b3febc20 (4 bytes)
1759977767.629971 sending message 105 to peer 0x5b58b3febc20 (33 bytes)
1759977767.629972 sending message 105 to peer 0x5b58b3febc20 (13 bytes)
1759977767.629976 sending message 105 to peer 0x5b58b3febc20 (41 bytes)
1759977767.629978 sending message 105 to peer 0x5b58b3febc20 (25 bytes)
1759977767.629979 sending message 105 to peer 0x5b58b3febc20 (8 bytes)
1759977767.629981 sending message 105 to peer 0x5b58b3febc20 (33 bytes)
1759977767.629983 sending message 105 to peer 0x5b58b3febc20 (19 bytes)
1759977767.629985 sending message 105 to peer 0x5b58b3febc20 (21 bytes)
1759977767.629987 sending message 105 to peer 0x5b58b3febc20 (29 bytes)
1759977767.629988 sending message 105 to peer 0x5b58b3febc20 (27 bytes)
1759977767.629990 sending message 105 to peer 0x5b58b3febc20 (23 bytes)
1759977767.629992 sending message 105 to peer 0x5b58b3febc20 (80 bytes)
1759977767.629994 sending message 105 to peer 0x5b58b3febc20 (28 bytes)
1759977767.629995 sending message 105 to peer 0x5b58b3febc20 (32 bytes)
1759977767.629997 sending message 105 to peer 0x5b58b3febc20 (16 bytes)
1759977767.629999 sending message 105 to peer 0x5b58b3febc20 (35 bytes)
1759977767.630001 sending message 105 to peer 0x5b58b3febc20 (24 bytes)
1759977767.630003 sending message 105 to peer 0x5b58b3febc20 (54 bytes)
1759977767.630004 sending message 105 to peer 0x5b58b3febc20 (37 bytes)
1759977767.630006 sending message 105 to peer 0x5b58b3febc20 (20 bytes)
1759977767.630008 sending message 105 to peer 0x5b58b3febc20 (26 bytes)
1759977767.630010 sending message 105 to peer 0x5b58b3febc20 (16 bytes)
1759977767.630011 sending message 105 to peer 0x5b58b3febc20 (24 bytes)
1759977767.630013 sending message 105 to peer 0x5b58b3febc20 (16 bytes)
1759977767.630015 sending message 105 to peer 0x5b58b3febc20 (23 bytes)
1759977767.630017 sending message 105 to peer 0x5b58b3febc20 (144 bytes)
1759977767.630019 sending message 105 to peer 0x5b58b3febc20 (36 bytes)
1759977767.630020 sending message 105 to peer 0x5b58b3febc20 (19 bytes)
1759977767.630022 sending message 105 to peer 0x5b58b3febc20 (17 bytes)
1759977767.630024 sending message 105 to peer 0x5b58b3febc20 (44 bytes)
1759977767.630026 sending message 105 to peer 0x5b58b3febc20 (160 bytes)
1759977767.630027 sending message 105 to peer 0x5b58b3febc20 (106 bytes)
1759977767.630029 sending message 105 to peer 0x5b58b3febc20 (47 bytes)
1759977767.630031 sending message 105 to peer 0x5b58b3febc20 (23 bytes)
1759977767.630033 sending message 105 to peer 0x5b58b3febc20 (23 bytes)
1759977767.630035 sending message 105 to peer 0x5b58b3febc20 (31 bytes)
1759977767.630036 sending message 105 to peer 0x5b58b3febc20 (11 bytes)
1759977767.630038 sending message 105 to peer 0x5b58b3febc20 (17 bytes)
1759977767.630040 sending message 105 to peer 0x5b58b3febc20 (33 bytes)
1759977767.630042 sending message 105 to peer 0x5b58b3febc20 (54 bytes)
1759977767.630043 sending message 105 to peer 0x5b58b3febc20 (20 bytes)
1759977767.630045 sending message 105 to peer 0x5b58b3febc20 (21 bytes)
1759977767.630047 sending message 105 to peer 0x5b58b3febc20 (27 bytes)
1759977767.630048 sending message 105 to peer 0x5b58b3febc20 (41 bytes)
1759977767.630050 sending message 105 to peer 0x5b58b3febc20 (19 bytes)
1759977767.630052 sending message 105 to peer 0x5b58b3febc20 (25 bytes)
1759977767.630054 sending message 105 to peer 0x5b58b3febc20 (19 bytes)
1759977767.630055 sending message 105 to peer 0x5b58b3febc20 (18 bytes)
1759977767.630057 sending message 105 to peer 0x5b58b3febc20 (24 bytes)
1759977767.630059 sending message 105 to peer 0x5b58b3febc20 (18 bytes)
1759977767.630060 sending message 105 to peer 0x5b58b3febc20 (31 bytes)
1759977767.630062 sending message 105 to peer 0x5b58b3febc20 (67 bytes)
1759977767.630064 sending message 105 to peer 0x5b58b3febc20 (51 bytes)
1759977767.630066 sending message 105 to peer 0x5b58b3febc20 (12 bytes)
1759977767.630067 sending message 105 to peer 0x5b58b3febc20 (20 bytes)
1759977767.630069 sending message 105 to peer 0x5b58b3febc20 (29 bytes)
1759977767.630071 sending message 105 to peer 0x5b58b3febc20 (11 bytes)
1759977767.630073 sending message 105 to peer 0x5b58b3febc20 (8 bytes)
1759977767.630075 sending message 105 to peer 0x5b58b3febc20 (32 bytes)
1759977767.630081 sending message 105 to peer 0x5b58b3febc20 (1817 bytes)
1759977767.630091 sending message 105 to peer 0x5b58b3febc20 (10 bytes)
1759977767.630093 sending message 105 to peer 0x5b58b3febc20 (24 bytes)
1759977767.630094 sending message 105 to peer 0x5b58b3febc20 (27 bytes)
1759977767.630096 sending message 105 to peer 0x5b58b3febc20 (16 bytes)
1759977767.630098 sending message 105 to peer 0x5b58b3febc20 (54 bytes)
1759977767.630100 sending message 105 to peer 0x5b58b3febc20 (63 bytes)
1759977767.630102 sending message 106 to peer 0x5b58b3febc20 (0 bytes)
1759977767.630138 sending message 200 to peer 0x5b58b3febc20 (4 bytes)
1759977767.630140 client loop enter
1759977767.636269 peer 0x5b58b3febc20 message 207
1759977767.636279 sending message 208 to peer 0x5b58b3febc20 (0 bytes)
1759977928.565095 peer 0x5b58b3febc20 message 203
1759977928.565110 sending message 205 to peer 0x5b58b3febc20 (0 bytes)
1759977928.565659 peer 0x5b58b3febc20 message 204
1759977928.565665 client loop exit
